<?xml version="1.0" encoding="UTF-8"?>
<databaseChangeLog xmlns="http://www.liquibase.org/xml/ns/dbchangelog"
                   xmlns:xsi="http://www.w3.org/2001/XMLSchema-instance"
                   xsi:schemaLocation="http://www.liquibase.org/xml/ns/dbchangelog
                   https://www.liquibase.org/xml/ns/dbchangelog/dbchangelog-latest.xsd">

    <include file="001-test-create-sequences.xml" relativeToChangelogFile="true" />
    <include file="002-test-create-users-table.xml" relativeToChangelogFile="true" />
    <include file="003-test-create-habits-table.xml" relativeToChangelogFile="true" />
    <include file="004-test-create-fulfilled-habits-table.xml" relativeToChangelogFile="true" />

</databaseChangeLog>
